<?xml version="1.0" encoding="UTF-8"?>
<testsuite xmlns:xsi="http://www.w3.org/2001/XMLSchema-instance" xsi:noNamespaceSchemaLocation="https://maven.apache.org/surefire/maven-surefire-plugin/xsd/surefire-test-report.xsd" name="com.exercise.accountingNotebook.AccountingNotebookApplicationTests" time="8.056" tests="4" errors="0" skipped="0" failures="3">
  <properties>
    <property name="gopherProxySet" value="false"/>
    <property name="awt.toolkit" value="sun.lwawt.macosx.LWCToolkit"/>
    <property name="file.encoding.pkg" value="sun.io"/>
    <property name="java.specification.version" value="1.8"/>
    <property name="sun.cpu.isalist" value=""/>
    <property name="sun.jnu.encoding" value="UTF-8"/>
    <property name="java.class.path" value="/Users/evxqw/Workstation/Exercises/AccountingNotebook-API/target/test-classes:/Users/evxqw/Workstation/Exercises/AccountingNotebook-API/target/classes:/Users/evxqw/.m2/repository/org/springframework/boot/spring-boot-starter-data-jdbc/2.1.5.RELEASE/spring-boot-starter-data-jdbc-2.1.5.RELEASE.jar:/Users/evxqw/.m2/repository/org/springframework/boot/spring-boot-starter-jdbc/2.1.5.RELEASE/spring-boot-starter-jdbc-2.1.5.RELEASE.jar:/Users/evxqw/.m2/repository/com/zaxxer/HikariCP/3.2.0/HikariCP-3.2.0.jar:/Users/evxqw/.m2/repository/org/springframework/spring-jdbc/5.1.7.RELEASE/spring-jdbc-5.1.7.RELEASE.jar:/Users/evxqw/.m2/repository/org/springframework/data/spring-data-jdbc/1.0.8.RELEASE/spring-data-jdbc-1.0.8.RELEASE.jar:/Users/evxqw/.m2/repository/org/springframework/data/spring-data-commons/2.1.8.RELEASE/spring-data-commons-2.1.8.RELEASE.jar:/Users/evxqw/.m2/repository/org/springframework/spring-tx/5.1.7.RELEASE/spring-tx-5.1.7.RELEASE.jar:/Users/evxqw/.m2/repository/org/springframework/spring-context/5.1.7.RELEASE/spring-context-5.1.7.RELEASE.jar:/Users/evxqw/.m2/repository/org/springframework/spring-beans/5.1.7.RELEASE/spring-beans-5.1.7.RELEASE.jar:/Users/evxqw/.m2/repository/org/springframework/boot/spring-boot-starter-data-jpa/2.1.5.RELEASE/spring-boot-starter-data-jpa-2.1.5.RELEASE.jar:/Users/evxqw/.m2/repository/org/springframework/boot/spring-boot-starter-aop/2.1.5.RELEASE/spring-boot-starter-aop-2.1.5.RELEASE.jar:/Users/evxqw/.m2/repository/org/springframework/spring-aop/5.1.7.RELEASE/spring-aop-5.1.7.RELEASE.jar:/Users/evxqw/.m2/repository/org/aspectj/aspectjweaver/1.9.4/aspectjweaver-1.9.4.jar:/Users/evxqw/.m2/repository/javax/transaction/javax.transaction-api/1.3/javax.transaction-api-1.3.jar:/Users/evxqw/.m2/repository/org/hibernate/hibernate-core/5.3.10.Final/hibernate-core-5.3.10.Final.jar:/Users/evxqw/.m2/repository/org/jboss/logging/jboss-logging/3.3.2.Final/jboss-logging-3.3.2.Final.jar:/Users/evxqw/.m2/repository/javax/persistence/javax.persistence-api/2.2/javax.persistence-api-2.2.jar:/Users/evxqw/.m2/repository/org/javassist/javassist/3.23.2-GA/javassist-3.23.2-GA.jar:/Users/evxqw/.m2/repository/net/bytebuddy/byte-buddy/1.9.12/byte-buddy-1.9.12.jar:/Users/evxqw/.m2/repository/antlr/antlr/2.7.7/antlr-2.7.7.jar:/Users/evxqw/.m2/repository/org/jboss/jandex/2.0.5.Final/jandex-2.0.5.Final.jar:/Users/evxqw/.m2/repository/javax/activation/javax.activation-api/1.2.0/javax.activation-api-1.2.0.jar:/Users/evxqw/.m2/repository/org/dom4j/dom4j/2.1.1/dom4j-2.1.1.jar:/Users/evxqw/.m2/repository/org/hibernate/common/hibernate-commons-annotations/5.0.4.Final/hibernate-commons-annotations-5.0.4.Final.jar:/Users/evxqw/.m2/repository/org/springframework/data/spring-data-jpa/2.1.8.RELEASE/spring-data-jpa-2.1.8.RELEASE.jar:/Users/evxqw/.m2/repository/org/springframework/spring-orm/5.1.7.RELEASE/spring-orm-5.1.7.RELEASE.jar:/Users/evxqw/.m2/repository/org/springframework/spring-aspects/5.1.7.RELEASE/spring-aspects-5.1.7.RELEASE.jar:/Users/evxqw/.m2/repository/org/springframework/boot/spring-boot-starter-data-rest/2.1.5.RELEASE/spring-boot-starter-data-rest-2.1.5.RELEASE.jar:/Users/evxqw/.m2/repository/org/springframework/data/spring-data-rest-webmvc/3.1.8.RELEASE/spring-data-rest-webmvc-3.1.8.RELEASE.jar:/Users/evxqw/.m2/repository/org/springframework/data/spring-data-rest-core/3.1.8.RELEASE/spring-data-rest-core-3.1.8.RELEASE.jar:/Users/evxqw/.m2/repository/org/springframework/hateoas/spring-hateoas/0.25.1.RELEASE/spring-hateoas-0.25.1.RELEASE.jar:/Users/evxqw/.m2/repository/org/atteo/evo-inflector/1.2.2/evo-inflector-1.2.2.jar:/Users/evxqw/.m2/repository/com/fasterxml/jackson/core/jackson-databind/2.9.8/jackson-databind-2.9.8.jar:/Users/evxqw/.m2/repository/com/fasterxml/jackson/core/jackson-core/2.9.8/jackson-core-2.9.8.jar:/Users/evxqw/.m2/repository/com/fasterxml/jackson/core/jackson-annotations/2.9.0/jackson-annotations-2.9.0.jar:/Users/evxqw/.m2/repository/org/springframework/boot/spring-boot-starter-web/2.1.5.RELEASE/spring-boot-starter-web-2.1.5.RELEASE.jar:/Users/evxqw/.m2/repository/org/springframework/boot/spring-boot-starter/2.1.5.RELEASE/spring-boot-starter-2.1.5.RELEASE.jar:/Users/evxqw/.m2/repository/org/springframework/boot/spring-boot-starter-logging/2.1.5.RELEASE/spring-boot-starter-logging-2.1.5.RELEASE.jar:/Users/evxqw/.m2/repository/ch/qos/logback/logback-classic/1.2.3/logback-classic-1.2.3.jar:/Users/evxqw/.m2/repository/ch/qos/logback/logback-core/1.2.3/logback-core-1.2.3.jar:/Users/evxqw/.m2/repository/org/apache/logging/log4j/log4j-to-slf4j/2.11.2/log4j-to-slf4j-2.11.2.jar:/Users/evxqw/.m2/repository/org/apache/logging/log4j/log4j-api/2.11.2/log4j-api-2.11.2.jar:/Users/evxqw/.m2/repository/org/slf4j/jul-to-slf4j/1.7.26/jul-to-slf4j-1.7.26.jar:/Users/evxqw/.m2/repository/javax/annotation/javax.annotation-api/1.3.2/javax.annotation-api-1.3.2.jar:/Users/evxqw/.m2/repository/org/yaml/snakeyaml/1.23/snakeyaml-1.23.jar:/Users/evxqw/.m2/repository/org/springframework/boot/spring-boot-starter-json/2.1.5.RELEASE/spring-boot-starter-json-2.1.5.RELEASE.jar:/Users/evxqw/.m2/repository/com/fasterxml/jackson/datatype/jackson-datatype-jdk8/2.9.8/jackson-datatype-jdk8-2.9.8.jar:/Users/evxqw/.m2/repository/com/fasterxml/jackson/datatype/jackson-datatype-jsr310/2.9.8/jackson-datatype-jsr310-2.9.8.jar:/Users/evxqw/.m2/repository/com/fasterxml/jackson/module/jackson-module-parameter-names/2.9.8/jackson-module-parameter-names-2.9.8.jar:/Users/evxqw/.m2/repository/org/springframework/boot/spring-boot-starter-tomcat/2.1.5.RELEASE/spring-boot-starter-tomcat-2.1.5.RELEASE.jar:/Users/evxqw/.m2/repository/org/apache/tomcat/embed/tomcat-embed-core/9.0.19/tomcat-embed-core-9.0.19.jar:/Users/evxqw/.m2/repository/org/apache/tomcat/embed/tomcat-embed-el/9.0.19/tomcat-embed-el-9.0.19.jar:/Users/evxqw/.m2/repository/org/apache/tomcat/embed/tomcat-embed-websocket/9.0.19/tomcat-embed-websocket-9.0.19.jar:/Users/evxqw/.m2/repository/org/hibernate/validator/hibernate-validator/6.0.16.Final/hibernate-validator-6.0.16.Final.jar:/Users/evxqw/.m2/repository/javax/validation/validation-api/2.0.1.Final/validation-api-2.0.1.Final.jar:/Users/evxqw/.m2/repository/org/springframework/spring-web/5.1.7.RELEASE/spring-web-5.1.7.RELEASE.jar:/Users/evxqw/.m2/repository/org/springframework/spring-webmvc/5.1.7.RELEASE/spring-webmvc-5.1.7.RELEASE.jar:/Users/evxqw/.m2/repository/org/springframework/spring-expression/5.1.7.RELEASE/spring-expression-5.1.7.RELEASE.jar:/Users/evxqw/.m2/repository/org/springframework/boot/spring-boot-devtools/2.1.5.RELEASE/spring-boot-devtools-2.1.5.RELEASE.jar:/Users/evxqw/.m2/repository/org/springframework/boot/spring-boot/2.1.5.RELEASE/spring-boot-2.1.5.RELEASE.jar:/Users/evxqw/.m2/repository/org/springframework/boot/spring-boot-autoconfigure/2.1.5.RELEASE/spring-boot-autoconfigure-2.1.5.RELEASE.jar:/Users/evxqw/.m2/repository/com/h2database/h2/1.4.199/h2-1.4.199.jar:/Users/evxqw/.m2/repository/mysql/mysql-connector-java/8.0.16/mysql-connector-java-8.0.16.jar:/Users/evxqw/.m2/repository/org/projectlombok/lombok/1.18.8/lombok-1.18.8.jar:/Users/evxqw/.m2/repository/javax/xml/bind/jaxb-api/2.3.0/jaxb-api-2.3.0.jar:/Users/evxqw/.m2/repository/org/springframework/boot/spring-boot-configuration-processor/2.1.5.RELEASE/spring-boot-configuration-processor-2.1.5.RELEASE.jar:/Users/evxqw/.m2/repository/org/springframework/boot/spring-boot-starter-test/2.1.5.RELEASE/spring-boot-starter-test-2.1.5.RELEASE.jar:/Users/evxqw/.m2/repository/org/springframework/boot/spring-boot-test/2.1.5.RELEASE/spring-boot-test-2.1.5.RELEASE.jar:/Users/evxqw/.m2/repository/org/springframework/boot/spring-boot-test-autoconfigure/2.1.5.RELEASE/spring-boot-test-autoconfigure-2.1.5.RELEASE.jar:/Users/evxqw/.m2/repository/com/jayway/jsonpath/json-path/2.4.0/json-path-2.4.0.jar:/Users/evxqw/.m2/repository/net/minidev/json-smart/2.3/json-smart-2.3.jar:/Users/evxqw/.m2/repository/net/minidev/accessors-smart/1.2/accessors-smart-1.2.jar:/Users/evxqw/.m2/repository/org/ow2/asm/asm/5.0.4/asm-5.0.4.jar:/Users/evxqw/.m2/repository/junit/junit/4.12/junit-4.12.jar:/Users/evxqw/.m2/repository/org/assertj/assertj-core/3.11.1/assertj-core-3.11.1.jar:/Users/evxqw/.m2/repository/org/mockito/mockito-core/2.23.4/mockito-core-2.23.4.jar:/Users/evxqw/.m2/repository/net/bytebuddy/byte-buddy-agent/1.9.12/byte-buddy-agent-1.9.12.jar:/Users/evxqw/.m2/repository/org/objenesis/objenesis/2.6/objenesis-2.6.jar:/Users/evxqw/.m2/repository/org/hamcrest/hamcrest-core/1.3/hamcrest-core-1.3.jar:/Users/evxqw/.m2/repository/org/hamcrest/hamcrest-library/1.3/hamcrest-library-1.3.jar:/Users/evxqw/.m2/repository/org/skyscreamer/jsonassert/1.5.0/jsonassert-1.5.0.jar:/Users/evxqw/.m2/repository/com/vaadin/external/google/android-json/0.0.20131108.vaadin1/android-json-0.0.20131108.vaadin1.jar:/Users/evxqw/.m2/repository/org/springframework/spring-core/5.1.7.RELEASE/spring-core-5.1.7.RELEASE.jar:/Users/evxqw/.m2/repository/org/springframework/spring-jcl/5.1.7.RELEASE/spring-jcl-5.1.7.RELEASE.jar:/Users/evxqw/.m2/repository/org/springframework/spring-test/5.1.7.RELEASE/spring-test-5.1.7.RELEASE.jar:/Users/evxqw/.m2/repository/org/xmlunit/xmlunit-core/2.6.2/xmlunit-core-2.6.2.jar:/Users/evxqw/.m2/repository/io/springfox/springfox-swagger2/2.9.2/springfox-swagger2-2.9.2.jar:/Users/evxqw/.m2/repository/io/swagger/swagger-annotations/1.5.20/swagger-annotations-1.5.20.jar:/Users/evxqw/.m2/repository/io/swagger/swagger-models/1.5.20/swagger-models-1.5.20.jar:/Users/evxqw/.m2/repository/io/springfox/springfox-spi/2.9.2/springfox-spi-2.9.2.jar:/Users/evxqw/.m2/repository/io/springfox/springfox-core/2.9.2/springfox-core-2.9.2.jar:/Users/evxqw/.m2/repository/io/springfox/springfox-schema/2.9.2/springfox-schema-2.9.2.jar:/Users/evxqw/.m2/repository/io/springfox/springfox-swagger-common/2.9.2/springfox-swagger-common-2.9.2.jar:/Users/evxqw/.m2/repository/io/springfox/springfox-spring-web/2.9.2/springfox-spring-web-2.9.2.jar:/Users/evxqw/.m2/repository/com/google/guava/guava/20.0/guava-20.0.jar:/Users/evxqw/.m2/repository/com/fasterxml/classmate/1.4.0/classmate-1.4.0.jar:/Users/evxqw/.m2/repository/org/slf4j/slf4j-api/1.7.26/slf4j-api-1.7.26.jar:/Users/evxqw/.m2/repository/org/springframework/plugin/spring-plugin-core/1.2.0.RELEASE/spring-plugin-core-1.2.0.RELEASE.jar:/Users/evxqw/.m2/repository/org/springframework/plugin/spring-plugin-metadata/1.2.0.RELEASE/spring-plugin-metadata-1.2.0.RELEASE.jar:/Users/evxqw/.m2/repository/org/mapstruct/mapstruct/1.2.0.Final/mapstruct-1.2.0.Final.jar:/Users/evxqw/.m2/repository/io/springfox/springfox-swagger-ui/2.9.2/springfox-swagger-ui-2.9.2.jar:"/>
    <property name="java.vm.vendor" value="Oracle Corporation"/>
    <property name="sun.arch.data.model" value="64"/>
    <property name="java.vendor.url" value="http://java.oracle.com/"/>
    <property name="user.timezone" value=""/>
    <property name="user.country.format" value="AR"/>
    <property name="java.vm.specification.version" value="1.8"/>
    <property name="os.name" value="Mac OS X"/>
    <property name="user.country" value="ES"/>
    <property name="sun.java.launcher" value="SUN_STANDARD"/>
    <property name="sun.boot.library.path" value="/Library/Java/JavaVirtualMachines/jdk1.8.0_131.jdk/Contents/Home/jre/lib"/>
    <property name="sun.java.command" value="/Users/evxqw/Workstation/Exercises/AccountingNotebook-API/target/surefire/surefirebooter3424897769804958551.jar /Users/evxqw/Workstation/Exercises/AccountingNotebook-API/target/surefire 2020-06-08T22-18-22_332-jvmRun1 surefire2559226838591656887tmp surefire_08367632228379171525tmp"/>
    <property name="http.nonProxyHosts" value="local|*.local|169.254/16|*.169.254/16"/>
    <property name="surefire.test.class.path" value="/Users/evxqw/Workstation/Exercises/AccountingNotebook-API/target/test-classes:/Users/evxqw/Workstation/Exercises/AccountingNotebook-API/target/classes:/Users/evxqw/.m2/repository/org/springframework/boot/spring-boot-starter-data-jdbc/2.1.5.RELEASE/spring-boot-starter-data-jdbc-2.1.5.RELEASE.jar:/Users/evxqw/.m2/repository/org/springframework/boot/spring-boot-starter-jdbc/2.1.5.RELEASE/spring-boot-starter-jdbc-2.1.5.RELEASE.jar:/Users/evxqw/.m2/repository/com/zaxxer/HikariCP/3.2.0/HikariCP-3.2.0.jar:/Users/evxqw/.m2/repository/org/springframework/spring-jdbc/5.1.7.RELEASE/spring-jdbc-5.1.7.RELEASE.jar:/Users/evxqw/.m2/repository/org/springframework/data/spring-data-jdbc/1.0.8.RELEASE/spring-data-jdbc-1.0.8.RELEASE.jar:/Users/evxqw/.m2/repository/org/springframework/data/spring-data-commons/2.1.8.RELEASE/spring-data-commons-2.1.8.RELEASE.jar:/Users/evxqw/.m2/repository/org/springframework/spring-tx/5.1.7.RELEASE/spring-tx-5.1.7.RELEASE.jar:/Users/evxqw/.m2/repository/org/springframework/spring-context/5.1.7.RELEASE/spring-context-5.1.7.RELEASE.jar:/Users/evxqw/.m2/repository/org/springframework/spring-beans/5.1.7.RELEASE/spring-beans-5.1.7.RELEASE.jar:/Users/evxqw/.m2/repository/org/springframework/boot/spring-boot-starter-data-jpa/2.1.5.RELEASE/spring-boot-starter-data-jpa-2.1.5.RELEASE.jar:/Users/evxqw/.m2/repository/org/springframework/boot/spring-boot-starter-aop/2.1.5.RELEASE/spring-boot-starter-aop-2.1.5.RELEASE.jar:/Users/evxqw/.m2/repository/org/springframework/spring-aop/5.1.7.RELEASE/spring-aop-5.1.7.RELEASE.jar:/Users/evxqw/.m2/repository/org/aspectj/aspectjweaver/1.9.4/aspectjweaver-1.9.4.jar:/Users/evxqw/.m2/repository/javax/transaction/javax.transaction-api/1.3/javax.transaction-api-1.3.jar:/Users/evxqw/.m2/repository/org/hibernate/hibernate-core/5.3.10.Final/hibernate-core-5.3.10.Final.jar:/Users/evxqw/.m2/repository/org/jboss/logging/jboss-logging/3.3.2.Final/jboss-logging-3.3.2.Final.jar:/Users/evxqw/.m2/repository/javax/persistence/javax.persistence-api/2.2/javax.persistence-api-2.2.jar:/Users/evxqw/.m2/repository/org/javassist/javassist/3.23.2-GA/javassist-3.23.2-GA.jar:/Users/evxqw/.m2/repository/net/bytebuddy/byte-buddy/1.9.12/byte-buddy-1.9.12.jar:/Users/evxqw/.m2/repository/antlr/antlr/2.7.7/antlr-2.7.7.jar:/Users/evxqw/.m2/repository/org/jboss/jandex/2.0.5.Final/jandex-2.0.5.Final.jar:/Users/evxqw/.m2/repository/javax/activation/javax.activation-api/1.2.0/javax.activation-api-1.2.0.jar:/Users/evxqw/.m2/repository/org/dom4j/dom4j/2.1.1/dom4j-2.1.1.jar:/Users/evxqw/.m2/repository/org/hibernate/common/hibernate-commons-annotations/5.0.4.Final/hibernate-commons-annotations-5.0.4.Final.jar:/Users/evxqw/.m2/repository/org/springframework/data/spring-data-jpa/2.1.8.RELEASE/spring-data-jpa-2.1.8.RELEASE.jar:/Users/evxqw/.m2/repository/org/springframework/spring-orm/5.1.7.RELEASE/spring-orm-5.1.7.RELEASE.jar:/Users/evxqw/.m2/repository/org/springframework/spring-aspects/5.1.7.RELEASE/spring-aspects-5.1.7.RELEASE.jar:/Users/evxqw/.m2/repository/org/springframework/boot/spring-boot-starter-data-rest/2.1.5.RELEASE/spring-boot-starter-data-rest-2.1.5.RELEASE.jar:/Users/evxqw/.m2/repository/org/springframework/data/spring-data-rest-webmvc/3.1.8.RELEASE/spring-data-rest-webmvc-3.1.8.RELEASE.jar:/Users/evxqw/.m2/repository/org/springframework/data/spring-data-rest-core/3.1.8.RELEASE/spring-data-rest-core-3.1.8.RELEASE.jar:/Users/evxqw/.m2/repository/org/springframework/hateoas/spring-hateoas/0.25.1.RELEASE/spring-hateoas-0.25.1.RELEASE.jar:/Users/evxqw/.m2/repository/org/atteo/evo-inflector/1.2.2/evo-inflector-1.2.2.jar:/Users/evxqw/.m2/repository/com/fasterxml/jackson/core/jackson-databind/2.9.8/jackson-databind-2.9.8.jar:/Users/evxqw/.m2/repository/com/fasterxml/jackson/core/jackson-core/2.9.8/jackson-core-2.9.8.jar:/Users/evxqw/.m2/repository/com/fasterxml/jackson/core/jackson-annotations/2.9.0/jackson-annotations-2.9.0.jar:/Users/evxqw/.m2/repository/org/springframework/boot/spring-boot-starter-web/2.1.5.RELEASE/spring-boot-starter-web-2.1.5.RELEASE.jar:/Users/evxqw/.m2/repository/org/springframework/boot/spring-boot-starter/2.1.5.RELEASE/spring-boot-starter-2.1.5.RELEASE.jar:/Users/evxqw/.m2/repository/org/springframework/boot/spring-boot-starter-logging/2.1.5.RELEASE/spring-boot-starter-logging-2.1.5.RELEASE.jar:/Users/evxqw/.m2/repository/ch/qos/logback/logback-classic/1.2.3/logback-classic-1.2.3.jar:/Users/evxqw/.m2/repository/ch/qos/logback/logback-core/1.2.3/logback-core-1.2.3.jar:/Users/evxqw/.m2/repository/org/apache/logging/log4j/log4j-to-slf4j/2.11.2/log4j-to-slf4j-2.11.2.jar:/Users/evxqw/.m2/repository/org/apache/logging/log4j/log4j-api/2.11.2/log4j-api-2.11.2.jar:/Users/evxqw/.m2/repository/org/slf4j/jul-to-slf4j/1.7.26/jul-to-slf4j-1.7.26.jar:/Users/evxqw/.m2/repository/javax/annotation/javax.annotation-api/1.3.2/javax.annotation-api-1.3.2.jar:/Users/evxqw/.m2/repository/org/yaml/snakeyaml/1.23/snakeyaml-1.23.jar:/Users/evxqw/.m2/repository/org/springframework/boot/spring-boot-starter-json/2.1.5.RELEASE/spring-boot-starter-json-2.1.5.RELEASE.jar:/Users/evxqw/.m2/repository/com/fasterxml/jackson/datatype/jackson-datatype-jdk8/2.9.8/jackson-datatype-jdk8-2.9.8.jar:/Users/evxqw/.m2/repository/com/fasterxml/jackson/datatype/jackson-datatype-jsr310/2.9.8/jackson-datatype-jsr310-2.9.8.jar:/Users/evxqw/.m2/repository/com/fasterxml/jackson/module/jackson-module-parameter-names/2.9.8/jackson-module-parameter-names-2.9.8.jar:/Users/evxqw/.m2/repository/org/springframework/boot/spring-boot-starter-tomcat/2.1.5.RELEASE/spring-boot-starter-tomcat-2.1.5.RELEASE.jar:/Users/evxqw/.m2/repository/org/apache/tomcat/embed/tomcat-embed-core/9.0.19/tomcat-embed-core-9.0.19.jar:/Users/evxqw/.m2/repository/org/apache/tomcat/embed/tomcat-embed-el/9.0.19/tomcat-embed-el-9.0.19.jar:/Users/evxqw/.m2/repository/org/apache/tomcat/embed/tomcat-embed-websocket/9.0.19/tomcat-embed-websocket-9.0.19.jar:/Users/evxqw/.m2/repository/org/hibernate/validator/hibernate-validator/6.0.16.Final/hibernate-validator-6.0.16.Final.jar:/Users/evxqw/.m2/repository/javax/validation/validation-api/2.0.1.Final/validation-api-2.0.1.Final.jar:/Users/evxqw/.m2/repository/org/springframework/spring-web/5.1.7.RELEASE/spring-web-5.1.7.RELEASE.jar:/Users/evxqw/.m2/repository/org/springframework/spring-webmvc/5.1.7.RELEASE/spring-webmvc-5.1.7.RELEASE.jar:/Users/evxqw/.m2/repository/org/springframework/spring-expression/5.1.7.RELEASE/spring-expression-5.1.7.RELEASE.jar:/Users/evxqw/.m2/repository/org/springframework/boot/spring-boot-devtools/2.1.5.RELEASE/spring-boot-devtools-2.1.5.RELEASE.jar:/Users/evxqw/.m2/repository/org/springframework/boot/spring-boot/2.1.5.RELEASE/spring-boot-2.1.5.RELEASE.jar:/Users/evxqw/.m2/repository/org/springframework/boot/spring-boot-autoconfigure/2.1.5.RELEASE/spring-boot-autoconfigure-2.1.5.RELEASE.jar:/Users/evxqw/.m2/repository/com/h2database/h2/1.4.199/h2-1.4.199.jar:/Users/evxqw/.m2/repository/mysql/mysql-connector-java/8.0.16/mysql-connector-java-8.0.16.jar:/Users/evxqw/.m2/repository/org/projectlombok/lombok/1.18.8/lombok-1.18.8.jar:/Users/evxqw/.m2/repository/javax/xml/bind/jaxb-api/2.3.0/jaxb-api-2.3.0.jar:/Users/evxqw/.m2/repository/org/springframework/boot/spring-boot-configuration-processor/2.1.5.RELEASE/spring-boot-configuration-processor-2.1.5.RELEASE.jar:/Users/evxqw/.m2/repository/org/springframework/boot/spring-boot-starter-test/2.1.5.RELEASE/spring-boot-starter-test-2.1.5.RELEASE.jar:/Users/evxqw/.m2/repository/org/springframework/boot/spring-boot-test/2.1.5.RELEASE/spring-boot-test-2.1.5.RELEASE.jar:/Users/evxqw/.m2/repository/org/springframework/boot/spring-boot-test-autoconfigure/2.1.5.RELEASE/spring-boot-test-autoconfigure-2.1.5.RELEASE.jar:/Users/evxqw/.m2/repository/com/jayway/jsonpath/json-path/2.4.0/json-path-2.4.0.jar:/Users/evxqw/.m2/repository/net/minidev/json-smart/2.3/json-smart-2.3.jar:/Users/evxqw/.m2/repository/net/minidev/accessors-smart/1.2/accessors-smart-1.2.jar:/Users/evxqw/.m2/repository/org/ow2/asm/asm/5.0.4/asm-5.0.4.jar:/Users/evxqw/.m2/repository/junit/junit/4.12/junit-4.12.jar:/Users/evxqw/.m2/repository/org/assertj/assertj-core/3.11.1/assertj-core-3.11.1.jar:/Users/evxqw/.m2/repository/org/mockito/mockito-core/2.23.4/mockito-core-2.23.4.jar:/Users/evxqw/.m2/repository/net/bytebuddy/byte-buddy-agent/1.9.12/byte-buddy-agent-1.9.12.jar:/Users/evxqw/.m2/repository/org/objenesis/objenesis/2.6/objenesis-2.6.jar:/Users/evxqw/.m2/repository/org/hamcrest/hamcrest-core/1.3/hamcrest-core-1.3.jar:/Users/evxqw/.m2/repository/org/hamcrest/hamcrest-library/1.3/hamcrest-library-1.3.jar:/Users/evxqw/.m2/repository/org/skyscreamer/jsonassert/1.5.0/jsonassert-1.5.0.jar:/Users/evxqw/.m2/repository/com/vaadin/external/google/android-json/0.0.20131108.vaadin1/android-json-0.0.20131108.vaadin1.jar:/Users/evxqw/.m2/repository/org/springframework/spring-core/5.1.7.RELEASE/spring-core-5.1.7.RELEASE.jar:/Users/evxqw/.m2/repository/org/springframework/spring-jcl/5.1.7.RELEASE/spring-jcl-5.1.7.RELEASE.jar:/Users/evxqw/.m2/repository/org/springframework/spring-test/5.1.7.RELEASE/spring-test-5.1.7.RELEASE.jar:/Users/evxqw/.m2/repository/org/xmlunit/xmlunit-core/2.6.2/xmlunit-core-2.6.2.jar:/Users/evxqw/.m2/repository/io/springfox/springfox-swagger2/2.9.2/springfox-swagger2-2.9.2.jar:/Users/evxqw/.m2/repository/io/swagger/swagger-annotations/1.5.20/swagger-annotations-1.5.20.jar:/Users/evxqw/.m2/repository/io/swagger/swagger-models/1.5.20/swagger-models-1.5.20.jar:/Users/evxqw/.m2/repository/io/springfox/springfox-spi/2.9.2/springfox-spi-2.9.2.jar:/Users/evxqw/.m2/repository/io/springfox/springfox-core/2.9.2/springfox-core-2.9.2.jar:/Users/evxqw/.m2/repository/io/springfox/springfox-schema/2.9.2/springfox-schema-2.9.2.jar:/Users/evxqw/.m2/repository/io/springfox/springfox-swagger-common/2.9.2/springfox-swagger-common-2.9.2.jar:/Users/evxqw/.m2/repository/io/springfox/springfox-spring-web/2.9.2/springfox-spring-web-2.9.2.jar:/Users/evxqw/.m2/repository/com/google/guava/guava/20.0/guava-20.0.jar:/Users/evxqw/.m2/repository/com/fasterxml/classmate/1.4.0/classmate-1.4.0.jar:/Users/evxqw/.m2/repository/org/slf4j/slf4j-api/1.7.26/slf4j-api-1.7.26.jar:/Users/evxqw/.m2/repository/org/springframework/plugin/spring-plugin-core/1.2.0.RELEASE/spring-plugin-core-1.2.0.RELEASE.jar:/Users/evxqw/.m2/repository/org/springframework/plugin/spring-plugin-metadata/1.2.0.RELEASE/spring-plugin-metadata-1.2.0.RELEASE.jar:/Users/evxqw/.m2/repository/org/mapstruct/mapstruct/1.2.0.Final/mapstruct-1.2.0.Final.jar:/Users/evxqw/.m2/repository/io/springfox/springfox-swagger-ui/2.9.2/springfox-swagger-ui-2.9.2.jar:"/>
    <property name="sun.cpu.endian" value="little"/>
    <property name="user.home" value="/Users/evxqw"/>
    <property name="user.language" value="es"/>
    <property name="java.specification.vendor" value="Oracle Corporation"/>
    <property name="java.home" value="/Library/Java/JavaVirtualMachines/jdk1.8.0_131.jdk/Contents/Home/jre"/>
    <property name="basedir" value="/Users/evxqw/Workstation/Exercises/AccountingNotebook-API"/>
    <property name="file.separator" value="/"/>
    <property name="line.separator" value="&#10;"/>
    <property name="java.vm.specification.vendor" value="Oracle Corporation"/>
    <property name="java.specification.name" value="Java Platform API Specification"/>
    <property name="java.awt.graphicsenv" value="sun.awt.CGraphicsEnvironment"/>
    <property name="idea.version2020.1.1" value="true"/>
    <property name="surefire.real.class.path" value="/Users/evxqw/Workstation/Exercises/AccountingNotebook-API/target/surefire/surefirebooter3424897769804958551.jar"/>
    <property name="sun.boot.class.path" value="/Library/Java/JavaVirtualMachines/jdk1.8.0_131.jdk/Contents/Home/jre/lib/resources.jar:/Library/Java/JavaVirtualMachines/jdk1.8.0_131.jdk/Contents/Home/jre/lib/rt.jar:/Library/Java/JavaVirtualMachines/jdk1.8.0_131.jdk/Contents/Home/jre/lib/sunrsasign.jar:/Library/Java/JavaVirtualMachines/jdk1.8.0_131.jdk/Contents/Home/jre/lib/jsse.jar:/Library/Java/JavaVirtualMachines/jdk1.8.0_131.jdk/Contents/Home/jre/lib/jce.jar:/Library/Java/JavaVirtualMachines/jdk1.8.0_131.jdk/Contents/Home/jre/lib/charsets.jar:/Library/Java/JavaVirtualMachines/jdk1.8.0_131.jdk/Contents/Home/jre/lib/jfr.jar:/Library/Java/JavaVirtualMachines/jdk1.8.0_131.jdk/Contents/Home/jre/classes"/>
    <property name="sun.management.compiler" value="HotSpot 64-Bit Tiered Compilers"/>
    <property name="ftp.nonProxyHosts" value="local|*.local|169.254/16|*.169.254/16"/>
    <property name="java.runtime.version" value="1.8.0_131-b11"/>
    <property name="user.name" value="evxqw"/>
    <property name="path.separator" value=":"/>
    <property name="os.version" value="10.14.6"/>
    <property name="java.endorsed.dirs" value="/Library/Java/JavaVirtualMachines/jdk1.8.0_131.jdk/Contents/Home/jre/lib/endorsed"/>
    <property name="java.runtime.name" value="Java(TM) SE Runtime Environment"/>
    <property name="file.encoding" value="US-ASCII"/>
    <property name="java.vm.name" value="Java HotSpot(TM) 64-Bit Server VM"/>
    <property name="localRepository" value="/Users/evxqw/.m2/repository"/>
    <property name="java.vendor.url.bug" value="http://bugreport.sun.com/bugreport/"/>
    <property name="java.io.tmpdir" value="/var/folders/hn/_0hcwx0x4g13s3sm4w4y0zn42n821l/T/"/>
    <property name="java.version" value="1.8.0_131"/>
    <property name="user.dir" value="/Users/evxqw/Workstation/Exercises/AccountingNotebook-API"/>
    <property name="os.arch" value="x86_64"/>
    <property name="java.vm.specification.name" value="Java Virtual Machine Specification"/>
    <property name="java.awt.printerjob" value="sun.lwawt.macosx.CPrinterJob"/>
    <property name="sun.os.patch.level" value="unknown"/>
    <property name="java.library.path" value="/Users/evxqw/Library/Java/Extensions:/Library/Java/Extensions:/Network/Library/Java/Extensions:/System/Library/Java/Extensions:/usr/lib/java:."/>
    <property name="java.vm.info" value="mixed mode"/>
    <property name="java.vendor" value="Oracle Corporation"/>
    <property name="java.vm.version" value="25.131-b11"/>
    <property name="java.ext.dirs" value="/Users/evxqw/Library/Java/Extensions:/Library/Java/JavaVirtualMachines/jdk1.8.0_131.jdk/Contents/Home/jre/lib/ext:/Library/Java/Extensions:/Network/Library/Java/Extensions:/System/Library/Java/Extensions:/usr/lib/java"/>
    <property name="sun.io.unicode.encoding" value="UnicodeBig"/>
    <property name="java.class.version" value="52.0"/>
    <property name="socksNonProxyHosts" value="local|*.local|169.254/16|*.169.254/16"/>
  </properties>
  <testcase name="shouldDebitAndGetNewBalance" classname="com.exercise.accountingNotebook.AccountingNotebookApplicationTests" time="0.105">
    <failure message="&#10;Expected: a collection with size &lt;3&gt;&#10;     but: collection size was &lt;1&gt;" type="java.lang.AssertionError"><![CDATA[java.lang.AssertionError: 

Expected: a collection with size <3>
     but: collection size was <1>
	at com.exercise.accountingNotebook.AccountingNotebookApplicationTests.shouldDebitAndGetNewBalance(AccountingNotebookApplicationTests.java:77)
]]></failure>
    <system-out><![CDATA[22:18:24.919 [main] DEBUG org.springframework.test.context.junit4.SpringJUnit4ClassRunner - SpringJUnit4ClassRunner constructor called with [class com.exercise.accountingNotebook.AccountingNotebookApplicationTests]
22:18:24.929 [main] DEBUG org.springframework.test.context.BootstrapUtils - Instantiating CacheAwareContextLoaderDelegate from class [org.springframework.test.context.cache.DefaultCacheAwareContextLoaderDelegate]
22:18:24.940 [main] DEBUG org.springframework.test.context.BootstrapUtils - Instantiating BootstrapContext using constructor [public org.springframework.test.context.support.DefaultBootstrapContext(java.lang.Class,org.springframework.test.context.CacheAwareContextLoaderDelegate)]
22:18:24.971 [main] DEBUG org.springframework.test.context.BootstrapUtils - Instantiating TestContextBootstrapper for test class [com.exercise.accountingNotebook.AccountingNotebookApplicationTests] from class [org.springframework.boot.test.context.SpringBootTestContextBootstrapper]
22:18:24.988 [main] INFO org.springframework.boot.test.context.SpringBootTestContextBootstrapper - Neither @ContextConfiguration nor @ContextHierarchy found for test class [com.exercise.accountingNotebook.AccountingNotebookApplicationTests], using SpringBootContextLoader
22:18:24.993 [main] DEBUG org.springframework.test.context.support.AbstractContextLoader - Did not detect default resource location for test class [com.exercise.accountingNotebook.AccountingNotebookApplicationTests]: class path resource [com/exercise/accountingNotebook/AccountingNotebookApplicationTests-context.xml] does not exist
22:18:24.994 [main] DEBUG org.springframework.test.context.support.AbstractContextLoader - Did not detect default resource location for test class [com.exercise.accountingNotebook.AccountingNotebookApplicationTests]: class path resource [com/exercise/accountingNotebook/AccountingNotebookApplicationTestsContext.groovy] does not exist
22:18:24.994 [main] INFO org.springframework.test.context.support.AbstractContextLoader - Could not detect default resource locations for test class [com.exercise.accountingNotebook.AccountingNotebookApplicationTests]: no resource found for suffixes {-context.xml, Context.groovy}.
22:18:24.995 [main] INFO org.springframework.test.context.support.AnnotationConfigContextLoaderUtils - Could not detect default configuration classes for test class [com.exercise.accountingNotebook.AccountingNotebookApplicationTests]: AccountingNotebookApplicationTests does not declare any static, non-private, non-final, nested classes annotated with @Configuration.
22:18:25.038 [main] DEBUG org.springframework.test.context.support.ActiveProfilesUtils - Could not find an 'annotation declaring class' for annotation type [org.springframework.test.context.ActiveProfiles] and class [com.exercise.accountingNotebook.AccountingNotebookApplicationTests]
22:18:25.130 [main] DEBUG org.springframework.context.annotation.ClassPathScanningCandidateComponentProvider - Identified candidate component class: file [/Users/evxqw/Workstation/Exercises/AccountingNotebook-API/target/classes/com/exercise/accountingNotebook/AccountingNotebookApplication.class]
22:18:25.132 [main] INFO org.springframework.boot.test.context.SpringBootTestContextBootstrapper - Found @SpringBootConfiguration com.exercise.accountingNotebook.AccountingNotebookApplication for test class com.exercise.accountingNotebook.AccountingNotebookApplicationTests
22:18:25.280 [main] DEBUG org.springframework.boot.test.context.SpringBootTestContextBootstrapper - @TestExecutionListeners is not present for class [com.exercise.accountingNotebook.AccountingNotebookApplicationTests]: using defaults.
22:18:25.281 [main] INFO org.springframework.boot.test.context.SpringBootTestContextBootstrapper - Loaded default TestExecutionListener class names from location [META-INF/spring.factories]: [org.springframework.boot.test.mock.mockito.MockitoTestExecutionListener, org.springframework.boot.test.mock.mockito.ResetMocksTestExecutionListener, org.springframework.boot.test.autoconfigure.restdocs.RestDocsTestExecutionListener, org.springframework.boot.test.autoconfigure.web.client.MockRestServiceServerResetTestExecutionListener, org.springframework.boot.test.autoconfigure.web.servlet.MockMvcPrintOnlyOnFailureTestExecutionListener, org.springframework.boot.test.autoconfigure.web.servlet.WebDriverTestExecutionListener, org.springframework.test.context.web.ServletTestExecutionListener, org.springframework.test.context.support.DirtiesContextBeforeModesTestExecutionListener, org.springframework.test.context.support.DependencyInjectionTestExecutionListener, org.springframework.test.context.support.DirtiesContextTestExecutionListener, org.springframework.test.context.transaction.TransactionalTestExecutionListener, org.springframework.test.context.jdbc.SqlScriptsTestExecutionListener]
22:18:25.299 [main] INFO org.springframework.boot.test.context.SpringBootTestContextBootstrapper - Using TestExecutionListeners: [org.springframework.test.context.web.ServletTestExecutionListener@409bf450, org.springframework.test.context.support.DirtiesContextBeforeModesTestExecutionListener@38d8f54a, org.springframework.boot.test.mock.mockito.MockitoTestExecutionListener@49e53c76, org.springframework.boot.test.autoconfigure.SpringBootDependencyInjectionTestExecutionListener@351d00c0, org.springframework.test.context.support.DirtiesContextTestExecutionListener@2a3b5b47, org.springframework.test.context.transaction.TransactionalTestExecutionListener@55b699ef, org.springframework.test.context.jdbc.SqlScriptsTestExecutionListener@35d019a3, org.springframework.boot.test.mock.mockito.ResetMocksTestExecutionListener@689604d9, org.springframework.boot.test.autoconfigure.restdocs.RestDocsTestExecutionListener@18078bef, org.springframework.boot.test.autoconfigure.web.client.MockRestServiceServerResetTestExecutionListener@799f10e1, org.springframework.boot.test.autoconfigure.web.servlet.MockMvcPrintOnlyOnFailureTestExecutionListener@4c371370, org.springframework.boot.test.autoconfigure.web.servlet.WebDriverTestExecutionListener@145f66e3]
22:18:25.301 [main] DEBUG org.springframework.test.annotation.ProfileValueUtils - Retrieved @ProfileValueSourceConfiguration [null] for test class [com.exercise.accountingNotebook.AccountingNotebookApplicationTests]
22:18:25.301 [main] DEBUG org.springframework.test.annotation.ProfileValueUtils - Retrieved ProfileValueSource type [class org.springframework.test.annotation.SystemProfileValueSource] for class [com.exercise.accountingNotebook.AccountingNotebookApplicationTests]
22:18:25.303 [main] DEBUG org.springframework.test.annotation.ProfileValueUtils - Retrieved @ProfileValueSourceConfiguration [null] for test class [com.exercise.accountingNotebook.AccountingNotebookApplicationTests]
22:18:25.303 [main] DEBUG org.springframework.test.annotation.ProfileValueUtils - Retrieved ProfileValueSource type [class org.springframework.test.annotation.SystemProfileValueSource] for class [com.exercise.accountingNotebook.AccountingNotebookApplicationTests]
22:18:25.304 [main] DEBUG org.springframework.test.annotation.ProfileValueUtils - Retrieved @ProfileValueSourceConfiguration [null] for test class [com.exercise.accountingNotebook.AccountingNotebookApplicationTests]
22:18:25.304 [main] DEBUG org.springframework.test.annotation.ProfileValueUtils - Retrieved ProfileValueSource type [class org.springframework.test.annotation.SystemProfileValueSource] for class [com.exercise.accountingNotebook.AccountingNotebookApplicationTests]
22:18:25.309 [main] DEBUG org.springframework.test.context.support.AbstractDirtiesContextTestExecutionListener - Before test class: context [DefaultTestContext@34123d65 testClass = AccountingNotebookApplicationTests, testInstance = [null], testMethod = [null], testException = [null], mergedContextConfiguration = [WebMergedContextConfiguration@59474f18 testClass = AccountingNotebookApplicationTests, locations = '{}', classes = '{class com.exercise.accountingNotebook.AccountingNotebookApplication}', contextInitializerClasses = '[]', activeProfiles = '{}', propertySourceLocations = '{}', propertySourceProperties = '{org.springframework.boot.test.context.SpringBootTestContextBootstrapper=true}', contextCustomizers = set[org.springframework.boot.test.context.filter.ExcludeFilterContextCustomizer@37374a5e, org.springframework.boot.test.json.DuplicateJsonObjectContextCustomizerFactory$DuplicateJsonObjectContextCustomizer@6950e31, org.springframework.boot.test.mock.mockito.MockitoContextCustomizer@0, org.springframework.boot.test.web.client.TestRestTemplateContextCustomizer@17d0685f, org.springframework.boot.test.autoconfigure.properties.PropertyMappingContextCustomizer@0, org.springframework.boot.test.autoconfigure.web.servlet.WebDriverContextCustomizerFactory$Customizer@2eda0940], resourceBasePath = 'src/main/webapp', contextLoader = 'org.springframework.boot.test.context.SpringBootContextLoader', parent = [null]], attributes = map['org.springframework.test.context.web.ServletTestExecutionListener.activateListener' -> true]], class annotated with @DirtiesContext [false] with mode [null].
22:18:25.311 [main] DEBUG org.springframework.test.annotation.ProfileValueUtils - Retrieved @ProfileValueSourceConfiguration [null] for test class [com.exercise.accountingNotebook.AccountingNotebookApplicationTests]
22:18:25.311 [main] DEBUG org.springframework.test.annotation.ProfileValueUtils - Retrieved ProfileValueSource type [class org.springframework.test.annotation.SystemProfileValueSource] for class [com.exercise.accountingNotebook.AccountingNotebookApplicationTests]
22:18:25.359 [main] DEBUG org.springframework.test.context.support.TestPropertySourceUtils - Adding inlined properties to environment: {spring.jmx.enabled=false, org.springframework.boot.test.context.SpringBootTestContextBootstrapper=true, server.port=-1}

  .   ____          _            __ _ _
 /\\ / ___'_ __ _ _(_)_ __  __ _ \ \ \ \
( ( )\___ | '_ | '_| | '_ \/ _` | \ \ \ \
 \\/  ___)| |_)| | | | | || (_| |  ) ) ) )
  '  |____| .__|_| |_|_| |_\__, | / / / /
 =========|_|==============|___/=/_/_/_/
 :: Spring Boot ::        (v2.1.5.RELEASE)

2020-06-08 22:18:25.702  INFO 2376 --- [           main] c.e.a.AccountingNotebookApplicationTests : Starting AccountingNotebookApplicationTests on C02Y527SJG5M with PID 2376 (started by evxqw in /Users/evxqw/Workstation/Exercises/AccountingNotebook-API)
2020-06-08 22:18:25.704  INFO 2376 --- [           main] c.e.a.AccountingNotebookApplicationTests : No active profile set, falling back to default profiles: default
2020-06-08 22:18:26.824  INFO 2376 --- [           main] .s.d.r.c.RepositoryConfigurationDelegate : Multiple Spring Data modules found, entering strict repository configuration mode!
2020-06-08 22:18:26.826  INFO 2376 --- [           main] .s.d.r.c.RepositoryConfigurationDelegate : Bootstrapping Spring Data repositories in DEFAULT mode.
2020-06-08 22:18:26.920  INFO 2376 --- [           main] .s.d.r.c.RepositoryConfigurationDelegate : Finished Spring Data repository scanning in 87ms. Found 3 repository interfaces.
2020-06-08 22:18:26.932  INFO 2376 --- [           main] .s.d.r.c.RepositoryConfigurationDelegate : Multiple Spring Data modules found, entering strict repository configuration mode!
2020-06-08 22:18:26.933  INFO 2376 --- [           main] .s.d.r.c.RepositoryConfigurationDelegate : Bootstrapping Spring Data repositories in DEFAULT mode.
2020-06-08 22:18:26.955  INFO 2376 --- [           main] .s.d.r.c.RepositoryConfigurationDelegate : Finished Spring Data repository scanning in 18ms. Found 3 repository interfaces.
2020-06-08 22:18:27.671  INFO 2376 --- [           main] trationDelegate$BeanPostProcessorChecker : Bean 'org.springframework.transaction.annotation.ProxyTransactionManagementConfiguration' of type [org.springframework.transaction.annotation.ProxyTransactionManagementConfiguration$$EnhancerBySpringCGLIB$$39010978] is not eligible for getting processed by all BeanPostProcessors (for example: not eligible for auto-proxying)
2020-06-08 22:18:27.736  INFO 2376 --- [           main] trationDelegate$BeanPostProcessorChecker : Bean 'org.springframework.hateoas.config.HateoasConfiguration' of type [org.springframework.hateoas.config.HateoasConfiguration$$EnhancerBySpringCGLIB$$b88156aa] is not eligible for getting processed by all BeanPostProcessors (for example: not eligible for auto-proxying)
2020-06-08 22:18:27.990  INFO 2376 --- [           main] com.zaxxer.hikari.HikariDataSource       : HikariPool-1 - Starting...
2020-06-08 22:18:28.268  INFO 2376 --- [           main] com.zaxxer.hikari.HikariDataSource       : HikariPool-1 - Start completed.
2020-06-08 22:18:28.352  INFO 2376 --- [           main] o.hibernate.jpa.internal.util.LogHelper  : HHH000204: Processing PersistenceUnitInfo [
	name: default
	...]
2020-06-08 22:18:28.421  INFO 2376 --- [           main] org.hibernate.Version                    : HHH000412: Hibernate Core {5.3.10.Final}
2020-06-08 22:18:28.422  INFO 2376 --- [           main] org.hibernate.cfg.Environment            : HHH000206: hibernate.properties not found
2020-06-08 22:18:28.557  INFO 2376 --- [           main] o.hibernate.annotations.common.Version   : HCANN000001: Hibernate Commons Annotations {5.0.4.Final}
2020-06-08 22:18:28.692  INFO 2376 --- [           main] org.hibernate.dialect.Dialect            : HHH000400: Using dialect: org.hibernate.dialect.H2Dialect
Hibernate: create table account (create_date timestamp, total_amount decimal(19,2), version integer, user_id bigint not null, primary key (user_id))
Hibernate: create table transaction (id bigint generated by default as identity, create_date timestamp, amount decimal(19,2), description varchar(255), status integer, type integer, account_user_id bigint, primary key (id))
Hibernate: create table user (id bigint generated by default as identity, create_date timestamp, code_id varchar(255), email varchar(255), name varchar(255), surname varchar(255), primary key (id))
Hibernate: alter table account add constraint FK7m8ru44m93ukyb61dfxw0apf6 foreign key (user_id) references user
Hibernate: alter table transaction add constraint FK1c4wnpe8spengnc1fm7hayssi foreign key (account_user_id) references account
2020-06-08 22:18:29.414  INFO 2376 --- [           main] j.LocalContainerEntityManagerFactoryBean : Initialized JPA EntityManagerFactory for persistence unit 'default'
2020-06-08 22:18:30.585  WARN 2376 --- [           main] aWebConfiguration$JpaWebMvcConfiguration : spring.jpa.open-in-view is enabled by default. Therefore, database queries may be performed during view rendering. Explicitly configure spring.jpa.open-in-view to disable this warning
2020-06-08 22:18:31.252  INFO 2376 --- [           main] pertySourcedRequestMappingHandlerMapping : Mapped URL path [/v2/api-docs] onto method [public org.springframework.http.ResponseEntity<springfox.documentation.spring.web.json.Json> springfox.documentation.swagger2.web.Swagger2Controller.getDocumentation(java.lang.String,javax.servlet.http.HttpServletRequest)]
2020-06-08 22:18:31.640  INFO 2376 --- [           main] o.s.s.concurrent.ThreadPoolTaskExecutor  : Initializing ExecutorService 'applicationTaskExecutor'
2020-06-08 22:18:32.103  INFO 2376 --- [           main] d.s.w.p.DocumentationPluginsBootstrapper : Context refreshed
2020-06-08 22:18:32.132  INFO 2376 --- [           main] d.s.w.p.DocumentationPluginsBootstrapper : Found 1 custom documentation plugin(s)
2020-06-08 22:18:32.169  INFO 2376 --- [           main] s.d.s.w.s.ApiListingReferenceScanner     : Scanning for api listing references
2020-06-08 22:18:32.380  INFO 2376 --- [           main] o.h.h.i.QueryTranslatorFactoryInitiator  : HHH000397: Using ASTQueryTranslatorFactory
Hibernate: select user0_.id as id1_2_, user0_.create_date as create_d2_2_, user0_.code_id as code_id3_2_, user0_.email as email4_2_, user0_.name as name5_2_, user0_.surname as surname6_2_ from user user0_ where user0_.name=?
Hibernate: insert into user (id, create_date, code_id, email, name, surname) values (null, ?, ?, ?, ?, ?)
Hibernate: insert into account (create_date, total_amount, version, user_id) values (?, ?, ?, ?)
Hibernate: insert into transaction (id, create_date, account_user_id, amount, description, status, type) values (null, ?, ?, ?, ?, ?, ?)
Hibernate: update account set total_amount=?, version=? where user_id=? and version=?
2020-06-08 22:18:32.596  INFO 2376 --- [           main] c.e.a.AccountingNotebookApplicationTests : Started AccountingNotebookApplicationTests in 7.224 seconds (JVM running for 8.297)
2020-06-08 22:18:32.625  INFO 2376 --- [           main] o.s.t.c.transaction.TransactionContext   : Began transaction (1) for test context [DefaultTestContext@34123d65 testClass = AccountingNotebookApplicationTests, testInstance = com.exercise.accountingNotebook.AccountingNotebookApplicationTests@525b9df4, testMethod = shouldDebitAndGetNewBalance@AccountingNotebookApplicationTests, testException = [null], mergedContextConfiguration = [WebMergedContextConfiguration@59474f18 testClass = AccountingNotebookApplicationTests, locations = '{}', classes = '{class com.exercise.accountingNotebook.AccountingNotebookApplication}', contextInitializerClasses = '[]', activeProfiles = '{}', propertySourceLocations = '{}', propertySourceProperties = '{org.springframework.boot.test.context.SpringBootTestContextBootstrapper=true}', contextCustomizers = set[org.springframework.boot.test.context.filter.ExcludeFilterContextCustomizer@37374a5e, org.springframework.boot.test.json.DuplicateJsonObjectContextCustomizerFactory$DuplicateJsonObjectContextCustomizer@6950e31, org.springframework.boot.test.mock.mockito.MockitoContextCustomizer@0, org.springframework.boot.test.web.client.TestRestTemplateContextCustomizer@17d0685f, org.springframework.boot.test.autoconfigure.properties.PropertyMappingContextCustomizer@0, org.springframework.boot.test.autoconfigure.web.servlet.WebDriverContextCustomizerFactory$Customizer@2eda0940], resourceBasePath = 'src/main/webapp', contextLoader = 'org.springframework.boot.test.context.SpringBootContextLoader', parent = [null]], attributes = map['org.springframework.test.context.web.ServletTestExecutionListener.activateListener' -> true, 'org.springframework.test.context.web.ServletTestExecutionListener.populatedRequestContextHolder' -> true, 'org.springframework.test.context.web.ServletTestExecutionListener.resetRequestContextHolder' -> true]]; transaction manager [org.springframework.orm.jpa.JpaTransactionManager@74a03bd5]; rollback [true]
Hibernate: select user0_.id as id1_2_0_, user0_.create_date as create_d2_2_0_, user0_.code_id as code_id3_2_0_, user0_.email as email4_2_0_, user0_.name as name5_2_0_, user0_.surname as surname6_2_0_ from user user0_ where user0_.id=?
2020-06-08 22:18:32.676  INFO 2376 --- [           main] c.e.a.s.i.AccountTransactionServiceImpl  : ::: ACCOUNT ID ::: 1
Hibernate: select account0_.user_id as user_id4_0_0_, account0_.create_date as create_d1_0_0_, account0_.total_amount as total_am2_0_0_, account0_.version as version3_0_0_ from account account0_ where account0_.user_id=?
2020-06-08 22:18:32.690  INFO 2376 --- [           main] c.e.a.s.i.AccountTransactionServiceImpl  : ::: USER ID ::: 1
Hibernate: select account0_.user_id as user_id4_0_, account0_.create_date as create_d1_0_, account0_.total_amount as total_am2_0_, account0_.version as version3_0_ from account account0_ left outer join user user1_ on account0_.user_id=user1_.id where user1_.id=?
Hibernate: select accounttra0_.account_user_id as account_7_1_0_, accounttra0_.id as id1_1_0_, accounttra0_.id as id1_1_1_, accounttra0_.create_date as create_d2_1_1_, accounttra0_.account_user_id as account_7_1_1_, accounttra0_.amount as amount3_1_1_, accounttra0_.description as descript4_1_1_, accounttra0_.status as status5_1_1_, accounttra0_.type as type6_1_1_ from transaction accounttra0_ where accounttra0_.account_user_id=?
2020-06-08 22:18:32.719  INFO 2376 --- [           main] o.s.t.c.transaction.TransactionContext   : Rolled back transaction for test: [DefaultTestContext@34123d65 testClass = AccountingNotebookApplicationTests, testInstance = com.exercise.accountingNotebook.AccountingNotebookApplicationTests@525b9df4, testMethod = shouldDebitAndGetNewBalance@AccountingNotebookApplicationTests, testException = java.lang.AssertionError: 
Expected: a collection with size <3>
     but: collection size was <1>, mergedContextConfiguration = [WebMergedContextConfiguration@59474f18 testClass = AccountingNotebookApplicationTests, locations = '{}', classes = '{class com.exercise.accountingNotebook.AccountingNotebookApplication}', contextInitializerClasses = '[]', activeProfiles = '{}', propertySourceLocations = '{}', propertySourceProperties = '{org.springframework.boot.test.context.SpringBootTestContextBootstrapper=true}', contextCustomizers = set[org.springframework.boot.test.context.filter.ExcludeFilterContextCustomizer@37374a5e, org.springframework.boot.test.json.DuplicateJsonObjectContextCustomizerFactory$DuplicateJsonObjectContextCustomizer@6950e31, org.springframework.boot.test.mock.mockito.MockitoContextCustomizer@0, org.springframework.boot.test.web.client.TestRestTemplateContextCustomizer@17d0685f, org.springframework.boot.test.autoconfigure.properties.PropertyMappingContextCustomizer@0, org.springframework.boot.test.autoconfigure.web.servlet.WebDriverContextCustomizerFactory$Customizer@2eda0940], resourceBasePath = 'src/main/webapp', contextLoader = 'org.springframework.boot.test.context.SpringBootContextLoader', parent = [null]], attributes = map['org.springframework.test.context.web.ServletTestExecutionListener.activateListener' -> true, 'org.springframework.test.context.web.ServletTestExecutionListener.populatedRequestContextHolder' -> true, 'org.springframework.test.context.web.ServletTestExecutionListener.resetRequestContextHolder' -> true]]
]]></system-out>
  </testcase>
  <testcase name="shouldCreditAndGetNewBalance" classname="com.exercise.accountingNotebook.AccountingNotebookApplicationTests" time="0.016">
    <failure message="&#10;Expected: a collection with size &lt;4&gt;&#10;     but: collection size was &lt;1&gt;" type="java.lang.AssertionError"><![CDATA[java.lang.AssertionError: 

Expected: a collection with size <4>
     but: collection size was <1>
	at com.exercise.accountingNotebook.AccountingNotebookApplicationTests.shouldCreditAndGetNewBalance(AccountingNotebookApplicationTests.java:84)
]]></failure>
    <system-out><![CDATA[2020-06-08 22:18:32.727  INFO 2376 --- [           main] o.s.t.c.transaction.TransactionContext   : Began transaction (1) for test context [DefaultTestContext@34123d65 testClass = AccountingNotebookApplicationTests, testInstance = com.exercise.accountingNotebook.AccountingNotebookApplicationTests@33563147, testMethod = shouldCreditAndGetNewBalance@AccountingNotebookApplicationTests, testException = [null], mergedContextConfiguration = [WebMergedContextConfiguration@59474f18 testClass = AccountingNotebookApplicationTests, locations = '{}', classes = '{class com.exercise.accountingNotebook.AccountingNotebookApplication}', contextInitializerClasses = '[]', activeProfiles = '{}', propertySourceLocations = '{}', propertySourceProperties = '{org.springframework.boot.test.context.SpringBootTestContextBootstrapper=true}', contextCustomizers = set[org.springframework.boot.test.context.filter.ExcludeFilterContextCustomizer@37374a5e, org.springframework.boot.test.json.DuplicateJsonObjectContextCustomizerFactory$DuplicateJsonObjectContextCustomizer@6950e31, org.springframework.boot.test.mock.mockito.MockitoContextCustomizer@0, org.springframework.boot.test.web.client.TestRestTemplateContextCustomizer@17d0685f, org.springframework.boot.test.autoconfigure.properties.PropertyMappingContextCustomizer@0, org.springframework.boot.test.autoconfigure.web.servlet.WebDriverContextCustomizerFactory$Customizer@2eda0940], resourceBasePath = 'src/main/webapp', contextLoader = 'org.springframework.boot.test.context.SpringBootContextLoader', parent = [null]], attributes = map['org.springframework.test.context.web.ServletTestExecutionListener.activateListener' -> true, 'org.springframework.test.context.web.ServletTestExecutionListener.populatedRequestContextHolder' -> true, 'org.springframework.test.context.web.ServletTestExecutionListener.resetRequestContextHolder' -> true]]; transaction manager [org.springframework.orm.jpa.JpaTransactionManager@74a03bd5]; rollback [true]
Hibernate: select user0_.id as id1_2_0_, user0_.create_date as create_d2_2_0_, user0_.code_id as code_id3_2_0_, user0_.email as email4_2_0_, user0_.name as name5_2_0_, user0_.surname as surname6_2_0_ from user user0_ where user0_.id=?
2020-06-08 22:18:32.730  INFO 2376 --- [           main] c.e.a.s.i.AccountTransactionServiceImpl  : ::: ACCOUNT ID ::: 1
Hibernate: select account0_.user_id as user_id4_0_0_, account0_.create_date as create_d1_0_0_, account0_.total_amount as total_am2_0_0_, account0_.version as version3_0_0_ from account account0_ where account0_.user_id=?
2020-06-08 22:18:32.732  INFO 2376 --- [           main] c.e.a.s.i.AccountTransactionServiceImpl  : ::: USER ID ::: 1
Hibernate: select account0_.user_id as user_id4_0_, account0_.create_date as create_d1_0_, account0_.total_amount as total_am2_0_, account0_.version as version3_0_ from account account0_ left outer join user user1_ on account0_.user_id=user1_.id where user1_.id=?
Hibernate: select accounttra0_.account_user_id as account_7_1_0_, accounttra0_.id as id1_1_0_, accounttra0_.id as id1_1_1_, accounttra0_.create_date as create_d2_1_1_, accounttra0_.account_user_id as account_7_1_1_, accounttra0_.amount as amount3_1_1_, accounttra0_.description as descript4_1_1_, accounttra0_.status as status5_1_1_, accounttra0_.type as type6_1_1_ from transaction accounttra0_ where accounttra0_.account_user_id=?
2020-06-08 22:18:32.738  INFO 2376 --- [           main] o.s.t.c.transaction.TransactionContext   : Rolled back transaction for test: [DefaultTestContext@34123d65 testClass = AccountingNotebookApplicationTests, testInstance = com.exercise.accountingNotebook.AccountingNotebookApplicationTests@33563147, testMethod = shouldCreditAndGetNewBalance@AccountingNotebookApplicationTests, testException = java.lang.AssertionError: 
Expected: a collection with size <4>
     but: collection size was <1>, mergedContextConfiguration = [WebMergedContextConfiguration@59474f18 testClass = AccountingNotebookApplicationTests, locations = '{}', classes = '{class com.exercise.accountingNotebook.AccountingNotebookApplication}', contextInitializerClasses = '[]', activeProfiles = '{}', propertySourceLocations = '{}', propertySourceProperties = '{org.springframework.boot.test.context.SpringBootTestContextBootstrapper=true}', contextCustomizers = set[org.springframework.boot.test.context.filter.ExcludeFilterContextCustomizer@37374a5e, org.springframework.boot.test.json.DuplicateJsonObjectContextCustomizerFactory$DuplicateJsonObjectContextCustomizer@6950e31, org.springframework.boot.test.mock.mockito.MockitoContextCustomizer@0, org.springframework.boot.test.web.client.TestRestTemplateContextCustomizer@17d0685f, org.springframework.boot.test.autoconfigure.properties.PropertyMappingContextCustomizer@0, org.springframework.boot.test.autoconfigure.web.servlet.WebDriverContextCustomizerFactory$Customizer@2eda0940], resourceBasePath = 'src/main/webapp', contextLoader = 'org.springframework.boot.test.context.SpringBootContextLoader', parent = [null]], attributes = map['org.springframework.test.context.web.ServletTestExecutionListener.activateListener' -> true, 'org.springframework.test.context.web.ServletTestExecutionListener.populatedRequestContextHolder' -> true, 'org.springframework.test.context.web.ServletTestExecutionListener.resetRequestContextHolder' -> true]]
]]></system-out>
  </testcase>
  <testcase name="shouldNotDebit" classname="com.exercise.accountingNotebook.AccountingNotebookApplicationTests" time="0.013">
    <failure message="&#10;Expected: a collection with size &lt;2&gt;&#10;     but: collection size was &lt;1&gt;" type="java.lang.AssertionError"><![CDATA[java.lang.AssertionError: 

Expected: a collection with size <2>
     but: collection size was <1>
	at com.exercise.accountingNotebook.AccountingNotebookApplicationTests.shouldNotDebit(AccountingNotebookApplicationTests.java:70)
]]></failure>
    <system-out><![CDATA[2020-06-08 22:18:32.741  INFO 2376 --- [           main] o.s.t.c.transaction.TransactionContext   : Began transaction (1) for test context [DefaultTestContext@34123d65 testClass = AccountingNotebookApplicationTests, testInstance = com.exercise.accountingNotebook.AccountingNotebookApplicationTests@21046afa, testMethod = shouldNotDebit@AccountingNotebookApplicationTests, testException = [null], mergedContextConfiguration = [WebMergedContextConfiguration@59474f18 testClass = AccountingNotebookApplicationTests, locations = '{}', classes = '{class com.exercise.accountingNotebook.AccountingNotebookApplication}', contextInitializerClasses = '[]', activeProfiles = '{}', propertySourceLocations = '{}', propertySourceProperties = '{org.springframework.boot.test.context.SpringBootTestContextBootstrapper=true}', contextCustomizers = set[org.springframework.boot.test.context.filter.ExcludeFilterContextCustomizer@37374a5e, org.springframework.boot.test.json.DuplicateJsonObjectContextCustomizerFactory$DuplicateJsonObjectContextCustomizer@6950e31, org.springframework.boot.test.mock.mockito.MockitoContextCustomizer@0, org.springframework.boot.test.web.client.TestRestTemplateContextCustomizer@17d0685f, org.springframework.boot.test.autoconfigure.properties.PropertyMappingContextCustomizer@0, org.springframework.boot.test.autoconfigure.web.servlet.WebDriverContextCustomizerFactory$Customizer@2eda0940], resourceBasePath = 'src/main/webapp', contextLoader = 'org.springframework.boot.test.context.SpringBootContextLoader', parent = [null]], attributes = map['org.springframework.test.context.web.ServletTestExecutionListener.activateListener' -> true, 'org.springframework.test.context.web.ServletTestExecutionListener.populatedRequestContextHolder' -> true, 'org.springframework.test.context.web.ServletTestExecutionListener.resetRequestContextHolder' -> true]]; transaction manager [org.springframework.orm.jpa.JpaTransactionManager@74a03bd5]; rollback [true]
Hibernate: select user0_.id as id1_2_0_, user0_.create_date as create_d2_2_0_, user0_.code_id as code_id3_2_0_, user0_.email as email4_2_0_, user0_.name as name5_2_0_, user0_.surname as surname6_2_0_ from user user0_ where user0_.id=?
2020-06-08 22:18:32.744  INFO 2376 --- [           main] c.e.a.s.i.AccountTransactionServiceImpl  : ::: ACCOUNT ID ::: 1
Hibernate: select account0_.user_id as user_id4_0_0_, account0_.create_date as create_d1_0_0_, account0_.total_amount as total_am2_0_0_, account0_.version as version3_0_0_ from account account0_ where account0_.user_id=?
2020-06-08 22:18:32.745  INFO 2376 --- [           main] c.e.a.s.i.AccountTransactionServiceImpl  : ::: USER ID ::: 1
Hibernate: select account0_.user_id as user_id4_0_, account0_.create_date as create_d1_0_, account0_.total_amount as total_am2_0_, account0_.version as version3_0_ from account account0_ left outer join user user1_ on account0_.user_id=user1_.id where user1_.id=?
Hibernate: select accounttra0_.account_user_id as account_7_1_0_, accounttra0_.id as id1_1_0_, accounttra0_.id as id1_1_1_, accounttra0_.create_date as create_d2_1_1_, accounttra0_.account_user_id as account_7_1_1_, accounttra0_.amount as amount3_1_1_, accounttra0_.description as descript4_1_1_, accounttra0_.status as status5_1_1_, accounttra0_.type as type6_1_1_ from transaction accounttra0_ where accounttra0_.account_user_id=?
2020-06-08 22:18:32.752  INFO 2376 --- [           main] o.s.t.c.transaction.TransactionContext   : Rolled back transaction for test: [DefaultTestContext@34123d65 testClass = AccountingNotebookApplicationTests, testInstance = com.exercise.accountingNotebook.AccountingNotebookApplicationTests@21046afa, testMethod = shouldNotDebit@AccountingNotebookApplicationTests, testException = java.lang.AssertionError: 
Expected: a collection with size <2>
     but: collection size was <1>, mergedContextConfiguration = [WebMergedContextConfiguration@59474f18 testClass = AccountingNotebookApplicationTests, locations = '{}', classes = '{class com.exercise.accountingNotebook.AccountingNotebookApplication}', contextInitializerClasses = '[]', activeProfiles = '{}', propertySourceLocations = '{}', propertySourceProperties = '{org.springframework.boot.test.context.SpringBootTestContextBootstrapper=true}', contextCustomizers = set[org.springframework.boot.test.context.filter.ExcludeFilterContextCustomizer@37374a5e, org.springframework.boot.test.json.DuplicateJsonObjectContextCustomizerFactory$DuplicateJsonObjectContextCustomizer@6950e31, org.springframework.boot.test.mock.mockito.MockitoContextCustomizer@0, org.springframework.boot.test.web.client.TestRestTemplateContextCustomizer@17d0685f, org.springframework.boot.test.autoconfigure.properties.PropertyMappingContextCustomizer@0, org.springframework.boot.test.autoconfigure.web.servlet.WebDriverContextCustomizerFactory$Customizer@2eda0940], resourceBasePath = 'src/main/webapp', contextLoader = 'org.springframework.boot.test.context.SpringBootContextLoader', parent = [null]], attributes = map['org.springframework.test.context.web.ServletTestExecutionListener.activateListener' -> true, 'org.springframework.test.context.web.ServletTestExecutionListener.populatedRequestContextHolder' -> true, 'org.springframework.test.context.web.ServletTestExecutionListener.resetRequestContextHolder' -> true]]
]]></system-out>
  </testcase>
  <testcase name="contextLoads" classname="com.exercise.accountingNotebook.AccountingNotebookApplicationTests" time="0.015"/>
</testsuite>